2023-08-27 15:01:54,699 - INFO - Scheduler started
2023-08-27 15:01:54,700 - INFO - Added job "crawl_profiles" to job store "default"
2023-08-27 15:02:00,012 - INFO - Running job "crawl_profiles (trigger: cron[minute='2,32'], next run at: 2023-08-27 15:02:00 KST)" (scheduled at 2023-08-27 15:02:00+09:00)
2023-08-27 15:02:00,013 - INFO - 총학생회 크롤링 시작...2023-08-27 15:02:00.013440
2023-08-27 15:02:26,543 - INFO - 크롤링 한 피드 개수: 23
2023-08-27 15:02:26,543 - INFO - 스크랩 개수: 1
2023-08-27 15:02:26,543 - INFO - Job "crawl_profiles (trigger: cron[minute='2,32'], next run at: 2023-08-27 15:32:00 KST)" executed successfully
2023-08-27 16:33:04,978 - WARNING - Run time of job "crawl_profiles (trigger: cron[minute='2,32'], next run at: 2023-08-27 17:02:00 KST)" was missed by 0:01:04.978297
2023-08-27 16:34:47,306 - INFO - Scheduler started
2023-08-27 16:34:47,306 - INFO - Added job "crawl_profiles" to job store "default"
2023-08-27 17:02:00,013 - INFO - Running job "crawl_profiles (trigger: cron[minute='2,32'], next run at: 2023-08-27 17:02:00 KST)" (scheduled at 2023-08-27 17:02:00+09:00)
2023-08-27 17:02:00,014 - INFO - 총학생회 크롤링 시작...2023-08-27 17:02:00.014508
2023-08-27 17:02:30,455 - INFO - 크롤링 한 피드 개수: 23
2023-08-27 17:02:30,455 - INFO - 스크랩 개수: 1
2023-08-27 17:02:30,455 - INFO - Job "crawl_profiles (trigger: cron[minute='2,32'], next run at: 2023-08-27 17:32:00 KST)" executed successfully
2023-08-27 17:32:00,062 - INFO - Running job "crawl_profiles (trigger: cron[minute='2,32'], next run at: 2023-08-27 18:02:00 KST)" (scheduled at 2023-08-27 17:32:00+09:00)
2023-08-27 17:32:00,063 - INFO - 자연과학대학 크롤링 시작...2023-08-27 17:32:00.063703
2023-08-27 17:32:19,761 - INFO - 크롤링 한 피드 개수: 8
2023-08-27 17:32:19,762 - INFO - 스크랩 개수: 2
2023-08-27 17:32:19,762 - INFO - Job "crawl_profiles (trigger: cron[minute='2,32'], next run at: 2023-08-27 18:02:00 KST)" executed successfully
2023-08-27 17:37:21,006 - INFO - Scheduler started
2023-08-27 17:37:21,006 - INFO - Added job "crawl_profiles" to job store "default"
2023-08-27 18:02:00,005 - INFO - Running job "crawl_profiles (trigger: cron[minute='2,32'], next run at: 2023-08-27 18:32:00 KST)" (scheduled at 2023-08-27 18:02:00+09:00)
2023-08-27 18:02:00,006 - INFO - 사회과학대학 크롤링 시작...2023-08-27 18:02:00.006558
2023-08-27 18:02:14,081 - INFO - 크롤링 한 피드 개수: 8
2023-08-27 18:02:14,082 - INFO - 스크랩 개수: 3
2023-08-27 18:02:14,083 - INFO - Job "crawl_profiles (trigger: cron[minute='2,32'], next run at: 2023-08-27 18:32:00 KST)" executed successfully
2023-08-27 18:32:00,010 - INFO - Running job "crawl_profiles (trigger: cron[minute='2,32'], next run at: 2023-08-27 19:02:00 KST)" (scheduled at 2023-08-27 18:32:00+09:00)
2023-08-27 18:32:00,012 - INFO - 법과대학 크롤링 시작...2023-08-27 18:32:00.012381
2023-08-27 18:32:10,970 - INFO - 크롤링 한 피드 개수: 8
2023-08-27 18:32:10,970 - INFO - 스크랩 개수: 4
2023-08-27 18:32:10,971 - INFO - Job "crawl_profiles (trigger: cron[minute='2,32'], next run at: 2023-08-27 19:02:00 KST)" executed successfully
2023-08-27 19:02:00,013 - INFO - Running job "crawl_profiles (trigger: cron[minute='2,32'], next run at: 2023-08-27 19:32:00 KST)" (scheduled at 2023-08-27 19:02:00+09:00)
2023-08-27 19:02:00,014 - INFO - 총학생회 크롤링 시작...2023-08-27 19:02:00.014170
2023-08-27 19:02:21,817 - INFO - 크롤링 한 피드 개수: 23
2023-08-27 19:02:21,817 - INFO - 스크랩 개수: 5
2023-08-27 19:02:21,817 - INFO - Job "crawl_profiles (trigger: cron[minute='2,32'], next run at: 2023-08-27 19:32:00 KST)" executed successfully
2023-08-27 19:32:00,009 - INFO - Running job "crawl_profiles (trigger: cron[minute='2,32'], next run at: 2023-08-27 20:02:00 KST)" (scheduled at 2023-08-27 19:32:00+09:00)
2023-08-27 19:32:00,009 - INFO - 경영대학 크롤링 시작...2023-08-27 19:32:00.009697
2023-08-27 19:33:22,910 - INFO - 크롤링 한 피드 개수: 5
2023-08-27 19:33:22,911 - INFO - 스크랩 개수: 6
2023-08-27 19:33:22,911 - INFO - Job "crawl_profiles (trigger: cron[minute='2,32'], next run at: 2023-08-27 20:02:00 KST)" executed successfully
2023-08-27 20:02:00,017 - INFO - Running job "crawl_profiles (trigger: cron[minute='2,32'], next run at: 2023-08-27 20:32:00 KST)" (scheduled at 2023-08-27 20:02:00+09:00)
2023-08-27 20:02:00,017 - INFO - 공과대학 크롤링 시작...2023-08-27 20:02:00.017790
2023-08-27 20:02:15,611 - INFO - 크롤링 한 피드 개수: 11
2023-08-27 20:02:15,611 - INFO - 스크랩 개수: 7
2023-08-27 20:02:15,611 - INFO - Job "crawl_profiles (trigger: cron[minute='2,32'], next run at: 2023-08-27 20:32:00 KST)" executed successfully
2023-08-27 20:32:00,075 - INFO - Running job "crawl_profiles (trigger: cron[minute='2,32'], next run at: 2023-08-27 21:02:00 KST)" (scheduled at 2023-08-27 20:32:00+09:00)
2023-08-27 20:32:00,079 - INFO - IT대학 크롤링 시작...2023-08-27 20:32:00.079861
2023-08-27 20:32:15,231 - INFO - 크롤링 한 피드 개수: 8
2023-08-27 20:32:15,231 - INFO - 스크랩 개수: 8
2023-08-27 20:32:15,231 - INFO - Job "crawl_profiles (trigger: cron[minute='2,32'], next run at: 2023-08-27 21:02:00 KST)" executed successfully
2023-08-27 21:02:00,011 - INFO - Running job "crawl_profiles (trigger: cron[minute='2,32'], next run at: 2023-08-27 21:32:00 KST)" (scheduled at 2023-08-27 21:02:00+09:00)
2023-08-27 21:02:00,012 - INFO - 총학생회 크롤링 시작...2023-08-27 21:02:00.012953
2023-08-27 21:02:32,504 - INFO - 크롤링 한 피드 개수: 23
2023-08-27 21:02:32,504 - INFO - 스크랩 개수: 9
2023-08-27 21:02:32,504 - INFO - Job "crawl_profiles (trigger: cron[minute='2,32'], next run at: 2023-08-27 21:32:00 KST)" executed successfully
2023-08-27 21:36:49,937 - WARNING - Run time of job "crawl_profiles (trigger: cron[minute='2,32'], next run at: 2023-08-27 22:02:00 KST)" was missed by 0:04:49.936873
2023-08-27 22:02:00,012 - INFO - Running job "crawl_profiles (trigger: cron[minute='2,32'], next run at: 2023-08-27 22:32:00 KST)" (scheduled at 2023-08-27 22:02:00+09:00)
2023-08-27 22:02:00,016 - INFO - 국어국문학과 크롤링 시작...2023-08-27 22:02:00.016379
2023-08-27 22:02:07,399 - INFO - 크롤링 한 피드 개수: 2
2023-08-27 22:02:07,399 - INFO - 스크랩 개수: 10
2023-08-27 22:02:07,399 - INFO - Job "crawl_profiles (trigger: cron[minute='2,32'], next run at: 2023-08-27 22:32:00 KST)" executed successfully
2023-08-27 22:32:00,015 - INFO - Running job "crawl_profiles (trigger: cron[minute='2,32'], next run at: 2023-08-27 23:02:00 KST)" (scheduled at 2023-08-27 22:32:00+09:00)
2023-08-27 22:32:00,020 - INFO - 영어영문학과 크롤링 시작...2023-08-27 22:32:00.019983
2023-08-27 22:32:01,496 - INFO - 크롤링 한 피드 개수: 1
2023-08-27 22:32:01,496 - INFO - 스크랩 개수: 11
2023-08-27 22:32:01,496 - INFO - Job "crawl_profiles (trigger: cron[minute='2,32'], next run at: 2023-08-27 23:02:00 KST)" executed successfully
2023-08-27 23:02:00,199 - INFO - Running job "crawl_profiles (trigger: cron[minute='2,32'], next run at: 2023-08-27 23:32:00 KST)" (scheduled at 2023-08-27 23:02:00+09:00)
2023-08-27 23:02:00,200 - INFO - 독어독문학과 크롤링 시작...2023-08-27 23:02:00.200666
2023-08-27 23:02:01,495 - INFO - 크롤링 한 피드 개수: 1
2023-08-27 23:02:01,495 - INFO - 스크랩 개수: 12
2023-08-27 23:02:01,495 - INFO - Job "crawl_profiles (trigger: cron[minute='2,32'], next run at: 2023-08-27 23:32:00 KST)" executed successfully
2023-08-27 23:32:00,015 - INFO - Running job "crawl_profiles (trigger: cron[minute='2,32'], next run at: 2023-08-28 00:02:00 KST)" (scheduled at 2023-08-27 23:32:00+09:00)
2023-08-27 23:32:00,017 - INFO - 총학생회 크롤링 시작...2023-08-27 23:32:00.017646
2023-08-27 23:32:32,392 - INFO - 크롤링 한 피드 개수: 23
2023-08-27 23:32:32,392 - INFO - 스크랩 개수: 13
2023-08-27 23:32:32,392 - INFO - Job "crawl_profiles (trigger: cron[minute='2,32'], next run at: 2023-08-28 00:02:00 KST)" executed successfully
2023-08-28 00:02:00,020 - INFO - Running job "crawl_profiles (trigger: cron[minute='2,32'], next run at: 2023-08-28 00:32:00 KST)" (scheduled at 2023-08-28 00:02:00+09:00)
2023-08-28 00:02:00,021 - INFO - 중어중문학과 크롤링 시작...2023-08-28 00:02:00.021789
2023-08-28 00:02:05,135 - INFO - 크롤링 한 피드 개수: 2
2023-08-28 00:02:05,135 - INFO - 스크랩 개수: 14
2023-08-28 00:02:05,136 - INFO - Job "crawl_profiles (trigger: cron[minute='2,32'], next run at: 2023-08-28 00:32:00 KST)" executed successfully
2023-08-28 00:32:00,009 - INFO - Running job "crawl_profiles (trigger: cron[minute='2,32'], next run at: 2023-08-28 01:02:00 KST)" (scheduled at 2023-08-28 00:32:00+09:00)
2023-08-28 00:32:00,012 - INFO - 일어일문학과 크롤링 시작...2023-08-28 00:32:00.012038
2023-08-28 00:32:12,912 - INFO - 크롤링 한 피드 개수: 4
2023-08-28 00:32:12,912 - INFO - 스크랩 개수: 15
2023-08-28 00:32:12,913 - INFO - Job "crawl_profiles (trigger: cron[minute='2,32'], next run at: 2023-08-28 01:02:00 KST)" executed successfully
2023-08-28 01:02:00,005 - INFO - Running job "crawl_profiles (trigger: cron[minute='2,32'], next run at: 2023-08-28 01:32:00 KST)" (scheduled at 2023-08-28 01:02:00+09:00)
2023-08-28 01:02:00,006 - INFO - 철학과 크롤링 시작...2023-08-28 01:02:00.006675
2023-08-28 01:02:08,016 - INFO - 크롤링 한 피드 개수: 2
2023-08-28 01:02:08,016 - INFO - 스크랩 개수: 16
2023-08-28 01:02:08,016 - INFO - Job "crawl_profiles (trigger: cron[minute='2,32'], next run at: 2023-08-28 01:32:00 KST)" executed successfully
2023-08-28 01:32:00,010 - INFO - Running job "crawl_profiles (trigger: cron[minute='2,32'], next run at: 2023-08-28 02:02:00 KST)" (scheduled at 2023-08-28 01:32:00+09:00)
2023-08-28 01:32:00,013 - INFO - 총학생회 크롤링 시작...2023-08-28 01:32:00.013392
2023-08-28 01:32:21,523 - INFO - 크롤링 한 피드 개수: 23
2023-08-28 01:32:21,523 - INFO - 스크랩 개수: 17
2023-08-28 01:32:21,523 - INFO - Job "crawl_profiles (trigger: cron[minute='2,32'], next run at: 2023-08-28 02:02:00 KST)" executed successfully
2023-08-28 02:02:00,007 - INFO - Running job "crawl_profiles (trigger: cron[minute='2,32'], next run at: 2023-08-28 02:32:00 KST)" (scheduled at 2023-08-28 02:02:00+09:00)
2023-08-28 02:02:00,008 - INFO - 예술창작학부 문예창작전공 크롤링 시작...2023-08-28 02:02:00.008484
2023-08-28 02:02:18,869 - INFO - 크롤링 한 피드 개수: 7
2023-08-28 02:02:18,869 - INFO - 스크랩 개수: 18
2023-08-28 02:02:18,869 - INFO - Job "crawl_profiles (trigger: cron[minute='2,32'], next run at: 2023-08-28 02:32:00 KST)" executed successfully
2023-08-28 02:32:00,010 - INFO - Running job "crawl_profiles (trigger: cron[minute='2,32'], next run at: 2023-08-28 03:02:00 KST)" (scheduled at 2023-08-28 02:32:00+09:00)
2023-08-28 02:32:00,012 - INFO - 예술창작학부 영화예술전공 크롤링 시작...2023-08-28 02:32:00.012762
2023-08-28 02:32:06,467 - INFO - 크롤링 한 피드 개수: 1
2023-08-28 02:32:06,467 - INFO - 스크랩 개수: 19
2023-08-28 02:32:06,467 - INFO - Job "crawl_profiles (trigger: cron[minute='2,32'], next run at: 2023-08-28 03:02:00 KST)" executed successfully
2023-08-28 03:02:00,005 - INFO - Running job "crawl_profiles (trigger: cron[minute='2,32'], next run at: 2023-08-28 03:32:00 KST)" (scheduled at 2023-08-28 03:02:00+09:00)
2023-08-28 03:02:00,006 - INFO - 수학과 크롤링 시작...2023-08-28 03:02:00.006413
2023-08-28 03:02:05,047 - INFO - 크롤링 한 피드 개수: 2
2023-08-28 03:02:05,048 - INFO - 스크랩 개수: 20
2023-08-28 03:02:05,048 - INFO - Job "crawl_profiles (trigger: cron[minute='2,32'], next run at: 2023-08-28 03:32:00 KST)" executed successfully
2023-08-28 03:32:00,076 - INFO - Running job "crawl_profiles (trigger: cron[minute='2,32'], next run at: 2023-08-28 04:02:00 KST)" (scheduled at 2023-08-28 03:32:00+09:00)
2023-08-28 03:32:00,079 - INFO - 총학생회 크롤링 시작...2023-08-28 03:32:00.079027
2023-08-28 03:32:22,263 - INFO - 크롤링 한 피드 개수: 23
2023-08-28 03:32:22,264 - INFO - 스크랩 개수: 21
2023-08-28 03:32:22,264 - INFO - Job "crawl_profiles (trigger: cron[minute='2,32'], next run at: 2023-08-28 04:02:00 KST)" executed successfully
2023-08-28 04:02:00,009 - INFO - Running job "crawl_profiles (trigger: cron[minute='2,32'], next run at: 2023-08-28 04:32:00 KST)" (scheduled at 2023-08-28 04:02:00+09:00)
2023-08-28 04:02:00,012 - INFO - 화학과 크롤링 시작...2023-08-28 04:02:00.012060
2023-08-28 04:02:06,597 - INFO - 크롤링 한 피드 개수: 1
2023-08-28 04:02:06,597 - INFO - 스크랩 개수: 22
2023-08-28 04:02:06,598 - INFO - Job "crawl_profiles (trigger: cron[minute='2,32'], next run at: 2023-08-28 04:32:00 KST)" executed successfully
2023-08-28 04:32:00,006 - INFO - Running job "crawl_profiles (trigger: cron[minute='2,32'], next run at: 2023-08-28 05:02:00 KST)" (scheduled at 2023-08-28 04:32:00+09:00)
2023-08-28 04:32:00,008 - INFO - 정보통계보험수리학과 크롤링 시작...2023-08-28 04:32:00.008617
2023-08-28 04:32:07,361 - INFO - 크롤링 한 피드 개수: 1
2023-08-28 04:32:07,361 - INFO - 스크랩 개수: 23
2023-08-28 04:32:07,361 - INFO - Job "crawl_profiles (trigger: cron[minute='2,32'], next run at: 2023-08-28 05:02:00 KST)" executed successfully
2023-08-28 05:02:00,012 - INFO - Running job "crawl_profiles (trigger: cron[minute='2,32'], next run at: 2023-08-28 05:32:00 KST)" (scheduled at 2023-08-28 05:02:00+09:00)
2023-08-28 05:02:00,014 - INFO - 의생명시스템학부 크롤링 시작...2023-08-28 05:02:00.014792
2023-08-28 05:02:09,917 - INFO - 크롤링 한 피드 개수: 4
2023-08-28 05:02:09,917 - INFO - 스크랩 개수: 24
2023-08-28 05:02:09,917 - INFO - Job "crawl_profiles (trigger: cron[minute='2,32'], next run at: 2023-08-28 05:32:00 KST)" executed successfully
2023-08-28 05:32:00,035 - INFO - Running job "crawl_profiles (trigger: cron[minute='2,32'], next run at: 2023-08-28 06:02:00 KST)" (scheduled at 2023-08-28 05:32:00+09:00)
2023-08-28 05:32:00,037 - INFO - 총학생회 크롤링 시작...2023-08-28 05:32:00.037893
2023-08-28 05:32:19,524 - INFO - 크롤링 한 피드 개수: 23
2023-08-28 05:32:19,524 - INFO - 스크랩 개수: 25
2023-08-28 05:32:19,524 - INFO - Job "crawl_profiles (trigger: cron[minute='2,32'], next run at: 2023-08-28 06:02:00 KST)" executed successfully
2023-08-28 06:02:00,019 - INFO - Running job "crawl_profiles (trigger: cron[minute='2,32'], next run at: 2023-08-28 06:32:00 KST)" (scheduled at 2023-08-28 06:02:00+09:00)
2023-08-28 06:02:00,021 - INFO - 행정학부 크롤링 시작...2023-08-28 06:02:00.021785
2023-08-28 06:02:07,067 - INFO - 크롤링 한 피드 개수: 1
2023-08-28 06:02:07,067 - INFO - 스크랩 개수: 26
2023-08-28 06:02:07,067 - INFO - Job "crawl_profiles (trigger: cron[minute='2,32'], next run at: 2023-08-28 06:32:00 KST)" executed successfully
2023-08-28 06:32:00,009 - INFO - Running job "crawl_profiles (trigger: cron[minute='2,32'], next run at: 2023-08-28 07:02:00 KST)" (scheduled at 2023-08-28 06:32:00+09:00)
2023-08-28 06:32:00,012 - INFO - 정치외교학과 크롤링 시작...2023-08-28 06:32:00.012824
2023-08-28 06:32:03,612 - INFO - 크롤링 한 피드 개수: 4
2023-08-28 06:32:03,612 - INFO - 스크랩 개수: 27
2023-08-28 06:32:03,612 - INFO - Job "crawl_profiles (trigger: cron[minute='2,32'], next run at: 2023-08-28 07:02:00 KST)" executed successfully
2023-08-28 07:02:00,006 - INFO - Running job "crawl_profiles (trigger: cron[minute='2,32'], next run at: 2023-08-28 07:32:00 KST)" (scheduled at 2023-08-28 07:02:00+09:00)
2023-08-28 07:02:00,008 - INFO - 정보사회학과 크롤링 시작...2023-08-28 07:02:00.008019
2023-08-28 07:02:06,382 - INFO - 크롤링 한 피드 개수: 4
2023-08-28 07:02:06,382 - INFO - 스크랩 개수: 28
2023-08-28 07:02:06,383 - INFO - Job "crawl_profiles (trigger: cron[minute='2,32'], next run at: 2023-08-28 07:32:00 KST)" executed successfully
2023-08-28 07:32:00,036 - INFO - Running job "crawl_profiles (trigger: cron[minute='2,32'], next run at: 2023-08-28 08:02:00 KST)" (scheduled at 2023-08-28 07:32:00+09:00)
2023-08-28 07:32:00,038 - INFO - 총학생회 크롤링 시작...2023-08-28 07:32:00.038437
2023-08-28 07:32:31,710 - INFO - 크롤링 한 피드 개수: 23
2023-08-28 07:32:31,712 - INFO - 스크랩 개수: 29
2023-08-28 07:32:31,712 - INFO - Job "crawl_profiles (trigger: cron[minute='2,32'], next run at: 2023-08-28 08:02:00 KST)" executed successfully
2023-08-28 08:02:00,019 - INFO - Running job "crawl_profiles (trigger: cron[minute='2,32'], next run at: 2023-08-28 08:32:00 KST)" (scheduled at 2023-08-28 08:02:00+09:00)
2023-08-28 08:02:00,021 - INFO - 평생교육학과 크롤링 시작...2023-08-28 08:02:00.021609
2023-08-28 08:02:13,704 - INFO - 크롤링 한 피드 개수: 2
2023-08-28 08:02:13,705 - INFO - 스크랩 개수: 30
2023-08-28 08:02:13,706 - INFO - Job "crawl_profiles (trigger: cron[minute='2,32'], next run at: 2023-08-28 08:32:00 KST)" executed successfully
